<?xml version="1.0" encoding="utf-8"?><testsuites name="pytest tests"><testsuite name="pytest" errors="0" failures="0" skipped="0" tests="13" time="21.344" timestamp="2026-04-08T23:44:50.550562+00:00" hostname="agent-env-4811b0f7-35b5-4608-9f60-26fd16534468"><testcase classname="backend.tests.test_dev_server_api.TestDevServerAPI" name="test_01_dev_status_initial" time="0.363" /><testcase classname="backend.tests.test_dev_server_api.TestDevServerAPI" name="test_02_stop_dev_server_if_running" time="0.362" /><testcase classname="backend.tests.test_dev_server_api.TestDevServerAPI" name="test_03_start_dev_server" time="5.360" /><testcase classname="backend.tests.test_dev_server_api.TestDevServerAPI" name="test_04_dev_status_after_start" time="5.360" /><testcase classname="backend.tests.test_dev_server_api.TestDevServerAPI" name="test_05_verify_port_3001_responding" time="3.352" /><testcase classname="backend.tests.test_dev_server_api.TestDevServerAPI" name="test_06_stop_dev_server" time="1.041" /><testcase classname="backend.tests.test_dev_server_api.TestDevServerAPI" name="test_07_dev_status_after_stop" time="2.442" /><testcase classname="backend.tests.test_dev_server_api.TestDevServerAPI" name="test_08_verify_port_3001_not_responding" time="2.330" /><testcase classname="backend.tests.test_dev_server_api.TestClonedRepoEndpoints" name="test_01_cloned_repo_status" time="0.331" /><testcase classname="backend.tests.test_dev_server_api.TestClonedRepoEndpoints" name="test_02_github_config" time="0.334" /><testcase classname="backend.tests.test_dev_server_api.TestAccessControl" name="test_01_dev_status_without_auth" time="0.002" /><testcase classname="backend.tests.test_dev_server_api.TestAccessControl" name="test_02_start_dev_without_auth" time="0.002" /><testcase classname="backend.tests.test_dev_server_api.TestAccessControl" name="test_03_stop_dev_without_auth" time="0.002" /></testsuite></testsuites>