<?xml version="1.0" encoding="utf-8"?><testsuites name="pytest tests"><testsuite name="pytest" errors="0" failures="0" skipped="0" tests="20" time="164.983" timestamp="2026-04-08T21:05:02.647151+00:00" hostname="agent-env-4811b0f7-35b5-4608-9f60-26fd16534468"><testcase classname="backend.tests.test_yuki_api.TestHealthCheck" name="test_healthz_endpoint" time="0.003" /><testcase classname="backend.tests.test_yuki_api.TestAuthentication" name="test_login_success" time="0.300" /><testcase classname="backend.tests.test_yuki_api.TestAuthentication" name="test_login_invalid_credentials" time="0.003" /><testcase classname="backend.tests.test_yuki_api.TestAuthentication" name="test_login_missing_fields" time="0.002" /><testcase classname="backend.tests.test_yuki_api.TestAuthentication" name="test_auth_me_with_token" time="0.327" /><testcase classname="backend.tests.test_yuki_api.TestAuthentication" name="test_auth_me_without_token" time="0.001" /><testcase classname="backend.tests.test_yuki_api.TestYukiAccess" name="test_yuki_access_with_admin" time="0.308" /><testcase classname="backend.tests.test_yuki_api.TestYukiAccess" name="test_yuki_access_without_token" time="0.001" /><testcase classname="backend.tests.test_yuki_api.TestYukiConfig" name="test_get_yuki_config" time="0.310" /><testcase classname="backend.tests.test_yuki_api.TestYukiConfig" name="test_yuki_config_has_deepseek" time="0.314" /><testcase classname="backend.tests.test_yuki_api.TestYukiUploads" name="test_list_uploads" time="0.314" /><testcase classname="backend.tests.test_yuki_api.TestYukiUploads" name="test_upload_file" time="0.314" /><testcase classname="backend.tests.test_yuki_api.TestYukiChat" name="test_chat_endpoint_exists" time="3.813" /><testcase classname="backend.tests.test_yuki_api.TestYukiChat" name="test_chat_with_tool_calling" time="8.761" /><testcase classname="backend.tests.test_yuki_api.TestYukiChat" name="test_chat_missing_messages" time="0.302" /><testcase classname="backend.tests.test_yuki_api.TestGitHubIntegration" name="test_get_github_config" time="0.305" /><testcase classname="backend.tests.test_yuki_api.TestGitHubIntegration" name="test_get_github_status" time="0.466" /><testcase classname="backend.tests.test_yuki_api.TestGitHubIntegration" name="test_github_access_without_token" time="0.002" /><testcase classname="backend.tests.test_yuki_api.TestYukiTools" name="test_read_file_tool" time="139.790" /><testcase classname="backend.tests.test_yuki_api.TestYukiTools" name="test_get_app_stats_tool" time="9.183" /></testsuite></testsuites>